<?xml version="1.0" encoding="UTF-8"?>
<testsuite name="com.mindex.challenge.ChallengeApplicationTests" tests="1" skipped="0" failures="0" errors="0" timestamp="2023-09-15T16:19:24" hostname="gages-mbp.lan" time="0.169">
  <properties/>
  <testcase name="contextLoads" classname="com.mindex.challenge.ChallengeApplicationTests" time="0.169"/>
  <system-out><![CDATA[11:19:22.762 [Test worker] DEBUG org.springframework.test.context.junit4.SpringJUnit4ClassRunner - SpringJUnit4ClassRunner constructor called with [class com.mindex.challenge.ChallengeApplicationTests]
11:19:22.766 [Test worker] DEBUG org.springframework.test.context.BootstrapUtils - Instantiating CacheAwareContextLoaderDelegate from class [org.springframework.test.context.cache.DefaultCacheAwareContextLoaderDelegate]
11:19:22.770 [Test worker] DEBUG org.springframework.test.context.BootstrapUtils - Instantiating BootstrapContext using constructor [public org.springframework.test.context.support.DefaultBootstrapContext(java.lang.Class,org.springframework.test.context.CacheAwareContextLoaderDelegate)]
11:19:22.785 [Test worker] DEBUG org.springframework.test.context.BootstrapUtils - Instantiating TestContextBootstrapper for test class [com.mindex.challenge.ChallengeApplicationTests] from class [org.springframework.boot.test.context.SpringBootTestContextBootstrapper]
11:19:22.792 [Test worker] INFO org.springframework.boot.test.context.SpringBootTestContextBootstrapper - Neither @ContextConfiguration nor @ContextHierarchy found for test class [com.mindex.challenge.ChallengeApplicationTests], using SpringBootContextLoader
11:19:22.794 [Test worker] DEBUG org.springframework.test.context.support.AbstractContextLoader - Did not detect default resource location for test class [com.mindex.challenge.ChallengeApplicationTests]: class path resource [com/mindex/challenge/ChallengeApplicationTests-context.xml] does not exist
11:19:22.794 [Test worker] DEBUG org.springframework.test.context.support.AbstractContextLoader - Did not detect default resource location for test class [com.mindex.challenge.ChallengeApplicationTests]: class path resource [com/mindex/challenge/ChallengeApplicationTestsContext.groovy] does not exist
11:19:22.794 [Test worker] INFO org.springframework.test.context.support.AbstractContextLoader - Could not detect default resource locations for test class [com.mindex.challenge.ChallengeApplicationTests]: no resource found for suffixes {-context.xml, Context.groovy}.
11:19:22.794 [Test worker] INFO org.springframework.test.context.support.AnnotationConfigContextLoaderUtils - Could not detect default configuration classes for test class [com.mindex.challenge.ChallengeApplicationTests]: ChallengeApplicationTests does not declare any static, non-private, non-final, nested classes annotated with @Configuration.
11:19:22.811 [Test worker] DEBUG org.springframework.test.context.support.ActiveProfilesUtils - Could not find an 'annotation declaring class' for annotation type [org.springframework.test.context.ActiveProfiles] and class [com.mindex.challenge.ChallengeApplicationTests]
11:19:22.839 [Test worker] DEBUG org.springframework.context.annotation.ClassPathScanningCandidateComponentProvider - Identified candidate component class: file [/Users/gageaskegard/Documents/Jobs/Mindex/mindex-java-code-challenge/build/classes/java/main/com/mindex/challenge/ChallengeApplication.class]
11:19:22.840 [Test worker] INFO org.springframework.boot.test.context.SpringBootTestContextBootstrapper - Found @SpringBootConfiguration com.mindex.challenge.ChallengeApplication for test class com.mindex.challenge.ChallengeApplicationTests
11:19:22.873 [Test worker] DEBUG org.springframework.boot.test.context.SpringBootTestContextBootstrapper - @TestExecutionListeners is not present for class [com.mindex.challenge.ChallengeApplicationTests]: using defaults.
11:19:22.873 [Test worker] INFO org.springframework.boot.test.context.SpringBootTestContextBootstrapper - Loaded default TestExecutionListener class names from location [META-INF/spring.factories]: [org.springframework.boot.test.autoconfigure.restdocs.RestDocsTestExecutionListener, org.springframework.boot.test.autoconfigure.web.client.MockRestServiceServerResetTestExecutionListener, org.springframework.boot.test.autoconfigure.web.servlet.MockMvcPrintOnlyOnFailureTestExecutionListener, org.springframework.boot.test.autoconfigure.web.servlet.WebDriverTestExecutionListener, org.springframework.boot.test.mock.mockito.MockitoTestExecutionListener, org.springframework.boot.test.mock.mockito.ResetMocksTestExecutionListener, org.springframework.test.context.web.ServletTestExecutionListener, org.springframework.test.context.support.DirtiesContextBeforeModesTestExecutionListener, org.springframework.test.context.support.DependencyInjectionTestExecutionListener, org.springframework.test.context.support.DirtiesContextTestExecutionListener, org.springframework.test.context.transaction.TransactionalTestExecutionListener, org.springframework.test.context.jdbc.SqlScriptsTestExecutionListener, org.springframework.test.context.event.EventPublishingTestExecutionListener]
11:19:22.878 [Test worker] INFO org.springframework.boot.test.context.SpringBootTestContextBootstrapper - Using TestExecutionListeners: [org.springframework.test.context.web.ServletTestExecutionListener@4a3f2c4e, org.springframework.test.context.support.DirtiesContextBeforeModesTestExecutionListener@f7a2e40, org.springframework.boot.test.mock.mockito.MockitoTestExecutionListener@66cfddb6, org.springframework.boot.test.autoconfigure.SpringBootDependencyInjectionTestExecutionListener@77c2c37d, org.springframework.test.context.support.DirtiesContextTestExecutionListener@44acdc97, org.springframework.test.context.transaction.TransactionalTestExecutionListener@1afae26c, org.springframework.test.context.jdbc.SqlScriptsTestExecutionListener@2c0bee8, org.springframework.test.context.event.EventPublishingTestExecutionListener@63f85ce6, org.springframework.boot.test.autoconfigure.restdocs.RestDocsTestExecutionListener@41127c6a, org.springframework.boot.test.autoconfigure.web.client.MockRestServiceServerResetTestExecutionListener@cb60fa6, org.springframework.boot.test.autoconfigure.web.servlet.MockMvcPrintOnlyOnFailureTestExecutionListener@b06d726, org.springframework.boot.test.autoconfigure.web.servlet.WebDriverTestExecutionListener@2ab8a5cc, org.springframework.boot.test.mock.mockito.ResetMocksTestExecutionListener@781b6ddd]
11:19:22.880 [Test worker] DEBUG org.springframework.test.annotation.ProfileValueUtils - Retrieved @ProfileValueSourceConfiguration [null] for test class [com.mindex.challenge.ChallengeApplicationTests]
11:19:22.881 [Test worker] DEBUG org.springframework.test.annotation.ProfileValueUtils - Retrieved ProfileValueSource type [class org.springframework.test.annotation.SystemProfileValueSource] for class [com.mindex.challenge.ChallengeApplicationTests]
11:19:22.882 [Test worker] DEBUG org.springframework.test.annotation.ProfileValueUtils - Retrieved @ProfileValueSourceConfiguration [null] for test class [com.mindex.challenge.ChallengeApplicationTests]
11:19:22.882 [Test worker] DEBUG org.springframework.test.annotation.ProfileValueUtils - Retrieved ProfileValueSource type [class org.springframework.test.annotation.SystemProfileValueSource] for class [com.mindex.challenge.ChallengeApplicationTests]
11:19:22.882 [Test worker] DEBUG org.springframework.test.annotation.ProfileValueUtils - Retrieved @ProfileValueSourceConfiguration [null] for test class [com.mindex.challenge.ChallengeApplicationTests]
11:19:22.882 [Test worker] DEBUG org.springframework.test.annotation.ProfileValueUtils - Retrieved ProfileValueSource type [class org.springframework.test.annotation.SystemProfileValueSource] for class [com.mindex.challenge.ChallengeApplicationTests]
11:19:22.883 [Test worker] DEBUG org.springframework.test.context.support.AbstractDirtiesContextTestExecutionListener - Before test class: context [DefaultTestContext@31795f16 testClass = ChallengeApplicationTests, testInstance = [null], testMethod = [null], testException = [null], mergedContextConfiguration = [WebMergedContextConfiguration@32ee49dd testClass = ChallengeApplicationTests, locations = '{}', classes = '{class com.mindex.challenge.ChallengeApplication}', contextInitializerClasses = '[]', activeProfiles = '{}', propertySourceLocations = '{}', propertySourceProperties = '{org.springframework.boot.test.context.SpringBootTestContextBootstrapper=true}', contextCustomizers = set[org.springframework.boot.test.autoconfigure.properties.PropertyMappingContextCustomizer@0, org.springframework.boot.test.autoconfigure.web.servlet.WebDriverContextCustomizerFactory$Customizer@6673b957, org.springframework.boot.test.context.filter.ExcludeFilterContextCustomizer@33a00cbb, org.springframework.boot.test.json.DuplicateJsonObjectContextCustomizerFactory$DuplicateJsonObjectContextCustomizer@49ce148, org.springframework.boot.test.mock.mockito.MockitoContextCustomizer@0, org.springframework.boot.test.web.client.TestRestTemplateContextCustomizer@12f93b38], resourceBasePath = 'src/main/webapp', contextLoader = 'org.springframework.boot.test.context.SpringBootContextLoader', parent = [null]], attributes = map['org.springframework.test.context.web.ServletTestExecutionListener.activateListener' -> true]], class annotated with @DirtiesContext [false] with mode [null].
11:19:22.884 [Test worker] DEBUG org.springframework.test.annotation.ProfileValueUtils - Retrieved @ProfileValueSourceConfiguration [null] for test class [com.mindex.challenge.ChallengeApplicationTests]
11:19:22.884 [Test worker] DEBUG org.springframework.test.annotation.ProfileValueUtils - Retrieved ProfileValueSource type [class org.springframework.test.annotation.SystemProfileValueSource] for class [com.mindex.challenge.ChallengeApplicationTests]
11:19:22.892 [Test worker] DEBUG org.springframework.test.context.support.TestPropertySourceUtils - Adding inlined properties to environment: {spring.jmx.enabled=false, org.springframework.boot.test.context.SpringBootTestContextBootstrapper=true, server.port=-1}

  .   ____          _            __ _ _
 /\\ / ___'_ __ _ _(_)_ __  __ _ \ \ \ \
( ( )\___ | '_ | '_| | '_ \/ _` | \ \ \ \
 \\/  ___)| |_)| | | | | || (_| |  ) ) ) )
  '  |____| .__|_| |_|_| |_\__, | / / / /
 =========|_|==============|___/=/_/_/_/
 :: Spring Boot ::        (v2.2.0.RELEASE)

2023-09-15 11:19:23.040  INFO 45658 --- [    Test worker] c.m.challenge.ChallengeApplicationTests  : Starting ChallengeApplicationTests on gages-mbp.lan with PID 45658 (started by gageaskegard in /Users/gageaskegard/Documents/Jobs/Mindex/mindex-java-code-challenge)
2023-09-15 11:19:23.040 DEBUG 45658 --- [    Test worker] c.m.challenge.ChallengeApplicationTests  : Running with Spring Boot v2.2.0.RELEASE, Spring v5.2.0.RELEASE
2023-09-15 11:19:23.041  INFO 45658 --- [    Test worker] c.m.challenge.ChallengeApplicationTests  : No active profile set, falling back to default profiles: default
2023-09-15 11:19:23.205  INFO 45658 --- [    Test worker] .s.d.r.c.RepositoryConfigurationDelegate : Bootstrapping Spring Data repositories in DEFAULT mode.
2023-09-15 11:19:23.227  INFO 45658 --- [    Test worker] .s.d.r.c.RepositoryConfigurationDelegate : Finished Spring Data repository scanning in 19ms. Found 1 repository interfaces.
2023-09-15 11:19:23.497  INFO 45658 --- [    Test worker] de.bwaldvogel.mongo.MongoServer          : started MongoServer(port: 56033, ssl: false)
2023-09-15 11:19:23.520  INFO 45658 --- [    Test worker] org.mongodb.driver.cluster               : Cluster created with settings {hosts=[127.0.0.1:56033], mode=SINGLE, requiredClusterType=UNKNOWN, serverSelectionTimeout='30000 ms', maxWaitQueueSize=500}
2023-09-15 11:19:23.545  INFO 45658 --- [-server-worker1] d.b.mongo.wire.MongoWireProtocolHandler  : client [id: 0xc588b0de, L:/127.0.0.1:56033 - R:/127.0.0.1:56034] connected
2023-09-15 11:19:23.573  WARN 45658 --- [    Test worker] o.s.data.convert.CustomConversions       : Registering converter from class java.time.LocalDateTime to class java.time.Instant as reading converter although it doesn't convert from a store-supported type! You might wanna check you annotation setup at the converter implementation.
2023-09-15 11:19:23.574  WARN 45658 --- [    Test worker] o.s.data.convert.CustomConversions       : Registering converter from class java.time.Instant to class java.time.LocalDateTime as reading converter although it doesn't convert from a store-supported type! You might wanna check you annotation setup at the converter implementation.
2023-09-15 11:19:23.574  INFO 45658 --- [127.0.0.1:56033] org.mongodb.driver.connection            : Opened connection [connectionId{localValue:1}] to 127.0.0.1:56033
2023-09-15 11:19:23.575  INFO 45658 --- [127.0.0.1:56033] org.mongodb.driver.cluster               : Monitor thread successfully connected to server with description ServerDescription{address=127.0.0.1:56033, type=STANDALONE, state=CONNECTED, ok=true, version=ServerVersion{versionList=[3, 0, 0]}, minWireVersion=0, maxWireVersion=2, maxDocumentSize=16777216, logicalSessionTimeoutMinutes=null, roundTripTimeNanos=765209}
2023-09-15 11:19:23.577  WARN 45658 --- [    Test worker] o.s.data.convert.CustomConversions       : Registering converter from class java.time.LocalDateTime to class java.time.Instant as reading converter although it doesn't convert from a store-supported type! You might wanna check you annotation setup at the converter implementation.
2023-09-15 11:19:23.577  WARN 45658 --- [    Test worker] o.s.data.convert.CustomConversions       : Registering converter from class java.time.Instant to class java.time.LocalDateTime as reading converter although it doesn't convert from a store-supported type! You might wanna check you annotation setup at the converter implementation.
2023-09-15 11:19:23.738  INFO 45658 --- [-server-worker2] d.b.mongo.wire.MongoWireProtocolHandler  : client [id: 0x3ef7f3ec, L:/127.0.0.1:56033 - R:/127.0.0.1:56035] connected
2023-09-15 11:19:23.742  INFO 45658 --- [    Test worker] org.mongodb.driver.connection            : Opened connection [connectionId{localValue:2}] to 127.0.0.1:56033
2023-09-15 11:19:23.750  INFO 45658 --- [-server-worker2] d.b.mongo.backend.AbstractMongoBackend   : created database test
2023-09-15 11:19:23.755  INFO 45658 --- [-server-worker2] d.b.mongo.backend.AbstractMongoDatabase  : adding unique _id index for collection employee
2023-09-15 11:19:23.756  INFO 45658 --- [-server-worker2] d.b.mongo.backend.AbstractMongoDatabase  : created collection test.employee
2023-09-15 11:19:23.909  INFO 45658 --- [    Test worker] o.s.s.concurrent.ThreadPoolTaskExecutor  : Initializing ExecutorService 'applicationTaskExecutor'
2023-09-15 11:19:23.987  WARN 45658 --- [    Test worker] o.s.data.convert.CustomConversions       : Registering converter from class java.time.LocalDateTime to class java.time.Instant as reading converter although it doesn't convert from a store-supported type! You might wanna check you annotation setup at the converter implementation.
2023-09-15 11:19:23.988  WARN 45658 --- [    Test worker] o.s.data.convert.CustomConversions       : Registering converter from class java.time.Instant to class java.time.LocalDateTime as reading converter although it doesn't convert from a store-supported type! You might wanna check you annotation setup at the converter implementation.
2023-09-15 11:19:23.995  WARN 45658 --- [    Test worker] o.s.data.convert.CustomConversions       : Registering converter from class java.time.LocalDateTime to class java.time.Instant as reading converter although it doesn't convert from a store-supported type! You might wanna check you annotation setup at the converter implementation.
2023-09-15 11:19:23.995  WARN 45658 --- [    Test worker] o.s.data.convert.CustomConversions       : Registering converter from class java.time.Instant to class java.time.LocalDateTime as reading converter although it doesn't convert from a store-supported type! You might wanna check you annotation setup at the converter implementation.
2023-09-15 11:19:24.023  INFO 45658 --- [    Test worker] c.m.challenge.ChallengeApplicationTests  : Started ChallengeApplicationTests in 1.127 seconds (JVM running for 1.542)
]]></system-out>
  <system-err><![CDATA[]]></system-err>
</testsuite>
